<?xml version="1.0" encoding="UTF-8"?>
<testsuite xmlns:xsi="http://www.w3.org/2001/XMLSchema-instance" xsi:noNamespaceSchemaLocation="https://maven.apache.org/surefire/maven-surefire-plugin/xsd/surefire-test-report.xsd" name="com.yuhangTao.TestRegistLoginController" time="35.482" tests="1" errors="0" skipped="0" failures="1">
  <properties>
[...]
</properties>
  <testcase name="testRegist" classname="com.yuhangTao.TestRegistLoginController" time="0.721">
    <failure message="Status expected:&lt;200&gt; but was:&lt;404&gt;" type="java.lang.AssertionError"><![CDATA[java.lang.AssertionError: Status expected:<200> but was:<404>
	at com.yuhangTao.TestRegistLoginController.testRegist(TestRegistLoginController.java:45)
]]></failure>
    <system-out><![CDATA[2018-09-17 22:06:57,713 [main] [org.springframework.test.context.support.AbstractTestContextBootstrapper.buildDefaultMergedContextConfiguration(AbstractTestContextBootstrapper.java:308)] - [INFO] Neither @ContextConfiguration nor @ContextHierarchy found for test class [com.yuhangTao.TestRegistLoginController], using SpringBootContextLoader
2018-09-17 22:06:57,747 [main] [org.springframework.test.context.support.AbstractContextLoader.generateDefaultLocations(AbstractContextLoader.java:264)] - [INFO] Could not detect default resource locations for test class [com.yuhangTao.TestRegistLoginController]: no resource found for suffixes {-context.xml, Context.groovy}.
2018-09-17 22:06:57,750 [main] [org.springframework.test.context.support.AnnotationConfigContextLoaderUtils.detectDefaultConfigurationClasses(AnnotationConfigContextLoaderUtils.java:83)] - [INFO] Could not detect default configuration classes for test class [com.yuhangTao.TestRegistLoginController]: TestRegistLoginController does not declare any static, non-private, non-final, nested classes annotated with @Configuration.
2018-09-17 22:06:59,241 [main] [org.springframework.boot.test.context.SpringBootTestContextBootstrapper.getOrFindConfigurationClasses(SpringBootTestContextBootstrapper.java:247)] - [INFO] Found @SpringBootConfiguration com.yuhangTao.Application for test class com.yuhangTao.TestRegistLoginController
2018-09-17 22:06:59,684 [main] [org.springframework.test.context.support.AbstractTestContextBootstrapper.getDefaultTestExecutionListenerClassNames(AbstractTestContextBootstrapper.java:248)] - [INFO] Loaded default TestExecutionListener class names from location [META-INF/spring.factories]: [org.springframework.boot.test.mock.mockito.MockitoTestExecutionListener, org.springframework.boot.test.mock.mockito.ResetMocksTestExecutionListener, org.springframework.boot.test.autoconfigure.restdocs.RestDocsTestExecutionListener, org.springframework.boot.test.autoconfigure.web.client.MockRestServiceServerResetTestExecutionListener, org.springframework.boot.test.autoconfigure.web.servlet.MockMvcPrintOnlyOnFailureTestExecutionListener, org.springframework.boot.test.autoconfigure.web.servlet.WebDriverTestExecutionListener, org.springframework.test.context.web.ServletTestExecutionListener, org.springframework.test.context.support.DirtiesContextBeforeModesTestExecutionListener, org.springframework.test.context.support.DependencyInjectionTestExecutionListener, org.springframework.test.context.support.DirtiesContextTestExecutionListener, org.springframework.test.context.transaction.TransactionalTestExecutionListener, org.springframework.test.context.jdbc.SqlScriptsTestExecutionListener]
2018-09-17 22:06:59,818 [main] [org.springframework.test.context.support.AbstractTestContextBootstrapper.getTestExecutionListeners(AbstractTestContextBootstrapper.java:177)] - [INFO] Using TestExecutionListeners: [org.springframework.test.context.web.ServletTestExecutionListener@477b4cdf, org.springframework.test.context.support.DirtiesContextBeforeModesTestExecutionListener@77c2494c, org.springframework.boot.test.mock.mockito.MockitoTestExecutionListener@f5958c9, org.springframework.boot.test.autoconfigure.SpringBootDependencyInjectionTestExecutionListener@233795b6, org.springframework.test.context.support.DirtiesContextTestExecutionListener@3eb738bb, org.springframework.test.context.transaction.TransactionalTestExecutionListener@5bda8e08, org.springframework.test.context.jdbc.SqlScriptsTestExecutionListener@1e800aaa, org.springframework.boot.test.mock.mockito.ResetMocksTestExecutionListener@185a6e9, org.springframework.boot.test.autoconfigure.restdocs.RestDocsTestExecutionListener@6f03482, org.springframework.boot.test.autoconfigure.web.client.MockRestServiceServerResetTestExecutionListener@9d5509a, org.springframework.boot.test.autoconfigure.web.servlet.MockMvcPrintOnlyOnFailureTestExecutionListener@179ece50, org.springframework.boot.test.autoconfigure.web.servlet.WebDriverTestExecutionListener@3b0090a4]
2018-09-17 22:07:00,971 [background-preinit] [org.hibernate.validator.internal.util.Version.<clinit>(Version.java:21)] - [INFO] HV000001: Hibernate Validator 6.0.12.Final

  .   ____          _            __ _ _
 /\\ / ___'_ __ _ _(_)_ __  __ _ \ \ \ \
( ( )\___ | '_ | '_| | '_ \/ _` | \ \ \ \
 \\/  ___)| |_)| | | | | || (_| |  ) ) ) )
  '  |____| .__|_| |_|_| |_\__, | / / / /
 =========|_|==============|___/=/_/_/_/
 :: Spring Boot ::        (v2.0.5.RELEASE)

2018-09-17 22:07:02,790 [main] [org.springframework.boot.StartupInfoLogger.logStarting(StartupInfoLogger.java:50)] - [INFO] Starting TestRegistLoginController on Lenovo-PC with PID 6408 (started by lenovo in E:\wechat_app\short_video\short-video-back\short-video-root\short-video-root-mini-api)
2018-09-17 22:07:02,793 [main] [org.springframework.boot.SpringApplication.logStartupProfileInfo(SpringApplication.java:680)] - [INFO] No active profile set, falling back to default profiles: default
2018-09-17 22:07:03,032 [main] [org.springframework.context.support.AbstractApplicationContext.prepareRefresh(AbstractApplicationContext.java:590)] - [INFO] Refreshing org.springframework.web.context.support.GenericWebApplicationContext@782859e: startup date [Mon Sep 17 22:07:03 CST 2018]; root of context hierarchy
2018-09-17 22:07:11,884 [main] [tk.mybatis.spring.mapper.ClassPathMapperScanner.doScan(ClassPathMapperScanner.java:142)] - [WARN] No MyBatis mapper was found in '[com.yuhangTao]' package. Please check your configuration.
2018-09-17 22:07:11,937 [main] [org.mybatis.spring.mapper.ClassPathMapperScanner.doScan(ClassPathMapperScanner.java:166)] - [WARN] No MyBatis mapper was found in '[com.yuhangTao]' package. Please check your configuration.
2018-09-17 22:07:14,008 [main] [org.springframework.context.support.PostProcessorRegistrationDelegate$BeanPostProcessorChecker.postProcessAfterInitialization(PostProcessorRegistrationDelegate.java:326)] - [INFO] Bean 'org.springframework.transaction.annotation.ProxyTransactionManagementConfiguration' of type [org.springframework.transaction.annotation.ProxyTransactionManagementConfiguration$$EnhancerBySpringCGLIB$$f33a85fb] is not eligible for getting processed by all BeanPostProcessors (for example: not eligible for auto-proxying)
2018-09-17 22:07:14,835 [main] [com.alibaba.druid.spring.boot.autoconfigure.DruidDataSourceAutoConfigure.dataSource(DruidDataSourceAutoConfigure.java:56)] - [INFO] Init DruidDataSource
2018-09-17 22:07:17,210 [main] [com.alibaba.druid.pool.DruidDataSource.init(DruidDataSource.java:930)] - [INFO] {dataSource-1} inited
2018-09-17 22:07:21,623 [main] [org.springframework.web.servlet.handler.AbstractHandlerMethodMapping$MappingRegistry.register(AbstractHandlerMethodMapping.java:549)] - [INFO] Mapped "{[/login],methods=[POST]}" onto public com.yuhangTao.utilsl.IMoocJSONResult com.yuhangTao.controller.RegistLoginController.login(com.yuhangTao.pojo.Users)
2018-09-17 22:07:21,627 [main] [org.springframework.web.servlet.handler.AbstractHandlerMethodMapping$MappingRegistry.register(AbstractHandlerMethodMapping.java:549)] - [INFO] Mapped "{[/regist],methods=[POST]}" onto public com.yuhangTao.utilsl.IMoocJSONResult com.yuhangTao.controller.RegistLoginController.regist(com.yuhangTao.pojo.Users)
2018-09-17 22:07:21,658 [main] [org.springframework.web.servlet.handler.AbstractHandlerMethodMapping$MappingRegistry.register(AbstractHandlerMethodMapping.java:549)] - [INFO] Mapped "{[/swagger-resources/configuration/security]}" onto public org.springframework.http.ResponseEntity<springfox.documentation.swagger.web.SecurityConfiguration> springfox.documentation.swagger.web.ApiResourceController.securityConfiguration()
2018-09-17 22:07:21,661 [main] [org.springframework.web.servlet.handler.AbstractHandlerMethodMapping$MappingRegistry.register(AbstractHandlerMethodMapping.java:549)] - [INFO] Mapped "{[/swagger-resources]}" onto public org.springframework.http.ResponseEntity<java.util.List<springfox.documentation.swagger.web.SwaggerResource>> springfox.documentation.swagger.web.ApiResourceController.swaggerResources()
2018-09-17 22:07:21,662 [main] [org.springframework.web.servlet.handler.AbstractHandlerMethodMapping$MappingRegistry.register(AbstractHandlerMethodMapping.java:549)] - [INFO] Mapped "{[/swagger-resources/configuration/ui]}" onto public org.springframework.http.ResponseEntity<springfox.documentation.swagger.web.UiConfiguration> springfox.documentation.swagger.web.ApiResourceController.uiConfiguration()
2018-09-17 22:07:21,673 [main] [org.springframework.web.servlet.handler.AbstractHandlerMethodMapping$MappingRegistry.register(AbstractHandlerMethodMapping.java:549)] - [INFO] Mapped "{[/error]}" onto public org.springframework.http.ResponseEntity<java.util.Map<java.lang.String, java.lang.Object>> org.springframework.boot.autoconfigure.web.servlet.error.BasicErrorController.error(javax.servlet.http.HttpServletRequest)
2018-09-17 22:07:21,675 [main] [org.springframework.web.servlet.handler.AbstractHandlerMethodMapping$MappingRegistry.register(AbstractHandlerMethodMapping.java:549)] - [INFO] Mapped "{[/error],produces=[text/html]}" onto public org.springframework.web.servlet.ModelAndView org.springframework.boot.autoconfigure.web.servlet.error.BasicErrorController.errorHtml(javax.servlet.http.HttpServletRequest,javax.servlet.http.HttpServletResponse)
2018-09-17 22:07:22,394 [main] [springfox.documentation.spring.web.PropertySourcedRequestMappingHandlerMapping.initHandlerMethods(PropertySourcedRequestMappingHandlerMapping.java:69)] - [INFO] Mapped URL path [/v2/api-docs] onto method [public org.springframework.http.ResponseEntity<springfox.documentation.spring.web.json.Json> springfox.documentation.swagger2.web.Swagger2Controller.getDocumentation(java.lang.String,javax.servlet.http.HttpServletRequest)]
2018-09-17 22:07:24,650 [main] [org.springframework.web.servlet.handler.AbstractUrlHandlerMapping.registerHandler(AbstractUrlHandlerMapping.java:373)] - [INFO] Mapped URL path [/**/favicon.ico] onto handler of type [class org.springframework.web.servlet.resource.ResourceHttpRequestHandler]
2018-09-17 22:07:25,525 [main] [org.springframework.web.servlet.mvc.method.annotation.RequestMappingHandlerAdapter.initControllerAdviceCache(RequestMappingHandlerAdapter.java:588)] - [INFO] Looking for @ControllerAdvice: org.springframework.web.context.support.GenericWebApplicationContext@782859e: startup date [Mon Sep 17 22:07:03 CST 2018]; root of context hierarchy
2018-09-17 22:07:25,815 [main] [org.springframework.web.servlet.handler.AbstractUrlHandlerMapping.registerHandler(AbstractUrlHandlerMapping.java:373)] - [INFO] Mapped URL path [/webjars/**] onto handler of type [class org.springframework.web.servlet.resource.ResourceHttpRequestHandler]
2018-09-17 22:07:25,816 [main] [org.springframework.web.servlet.handler.AbstractUrlHandlerMapping.registerHandler(AbstractUrlHandlerMapping.java:373)] - [INFO] Mapped URL path [/**] onto handler of type [class org.springframework.web.servlet.resource.ResourceHttpRequestHandler]
2018-09-17 22:07:25,995 [main] [org.springframework.boot.autoconfigure.thymeleaf.ThymeleafAutoConfiguration$DefaultTemplateResolverConfiguration.checkTemplateLocationExists(ThymeleafAutoConfiguration.java:104)] - [WARN] Cannot find template location: classpath:/templates/ (please add some templates or check your Thymeleaf configuration)
2018-09-17 22:07:26,670 [main] [tk.mybatis.mapper.autoconfigure.MapperCacheDisabler.removeStaticCache(MapperCacheDisabler.java:60)] - [INFO] Clear tk.mybatis.mapper.util.MsUtil CLASS_CACHE cache.
2018-09-17 22:07:26,672 [main] [tk.mybatis.mapper.autoconfigure.MapperCacheDisabler.removeStaticCache(MapperCacheDisabler.java:60)] - [INFO] Clear tk.mybatis.mapper.genid.GenIdUtil CACHE cache.
2018-09-17 22:07:26,674 [main] [tk.mybatis.mapper.autoconfigure.MapperCacheDisabler.removeStaticCache(MapperCacheDisabler.java:60)] - [INFO] Clear tk.mybatis.mapper.version.VersionUtil CACHE cache.
2018-09-17 22:07:26,675 [main] [tk.mybatis.mapper.autoconfigure.MapperCacheDisabler.removeEntityHelperCache(MapperCacheDisabler.java:83)] - [INFO] Clear EntityHelper entityTableMap cache.
2018-09-17 22:07:27,695 [main] [org.springframework.context.support.DefaultLifecycleProcessor$LifecycleGroup.start(DefaultLifecycleProcessor.java:356)] - [INFO] Starting beans in phase 2147483647
2018-09-17 22:07:27,697 [main] [springfox.documentation.spring.web.plugins.DocumentationPluginsBootstrapper.start(DocumentationPluginsBootstrapper.java:151)] - [INFO] Context refreshed
2018-09-17 22:07:28,183 [main] [springfox.documentation.spring.web.plugins.DocumentationPluginsBootstrapper.start(DocumentationPluginsBootstrapper.java:154)] - [INFO] Found 1 custom documentation plugin(s)
2018-09-17 22:07:28,416 [main] [springfox.documentation.spring.web.scanners.ApiListingReferenceScanner.scan(ApiListingReferenceScanner.java:41)] - [INFO] Scanning for api listing references
2018-09-17 22:07:29,478 [main] [org.springframework.boot.StartupInfoLogger.logStarted(StartupInfoLogger.java:59)] - [INFO] Started TestRegistLoginController in 28.902 seconds (JVM running for 36.325)
2018-09-17 22:07:30,082 [main] [org.springframework.web.servlet.handler.AbstractHandlerMethodMapping$MappingRegistry.register(AbstractHandlerMethodMapping.java:549)] - [INFO] Mapped "{[/login],methods=[POST]}" onto public com.yuhangTao.utilsl.IMoocJSONResult com.yuhangTao.controller.RegistLoginController.login(com.yuhangTao.pojo.Users)
2018-09-17 22:07:30,105 [main] [org.springframework.web.servlet.handler.AbstractHandlerMethodMapping$MappingRegistry.register(AbstractHandlerMethodMapping.java:549)] - [INFO] Mapped "{[/regist],methods=[POST]}" onto public com.yuhangTao.utilsl.IMoocJSONResult com.yuhangTao.controller.RegistLoginController.regist(com.yuhangTao.pojo.Users)
2018-09-17 22:07:30,142 [main] [org.springframework.web.servlet.mvc.method.annotation.RequestMappingHandlerAdapter.initControllerAdviceCache(RequestMappingHandlerAdapter.java:588)] - [INFO] Looking for @ControllerAdvice: org.springframework.test.web.servlet.setup.StubWebApplicationContext@58feb6b0
2018-09-17 22:07:30,162 [main] [org.springframework.mock.web.MockServletContext.log(MockServletContext.java:438)] - [INFO] Initializing Spring FrameworkServlet ''
2018-09-17 22:07:30,163 [main] [org.springframework.web.servlet.FrameworkServlet.initServletBean(FrameworkServlet.java:494)] - [INFO] FrameworkServlet '': initialization started
2018-09-17 22:07:30,164 [main] [org.springframework.web.servlet.FrameworkServlet.initServletBean(FrameworkServlet.java:509)] - [INFO] FrameworkServlet '': initialization completed in 1 ms
2018-09-17 22:07:30,236 [main] [org.springframework.web.servlet.DispatcherServlet.noHandlerFound(DispatcherServlet.java:1205)] - [WARN] No mapping found for HTTP request with URI [/short_video/regist] in DispatcherServlet with name ''
]]></system-out>
  </testcase>
</testsuite>